\BOOKMARK [0][-]{chapter.1}{\376\377\000S\000p\000e\000c\000i\000f\000i\000k\000a\000c\000i\000j\000o\000s}{}% 1
\BOOKMARK [0][-]{chapter.2}{\376\377\000T\000u\000r\000i\000n\000y\000s}{}% 2
\BOOKMARK [1][-]{section.2.1}{\376\377\000K\000o\000n\000c\000e\000p\000c\000i\000n\000i\000s\000\040\000m\000o\000d\000e\000l\000i\000s}{chapter.2}% 3
\BOOKMARK [2][-]{subsection.2.1.1}{\376\377\000O\000b\000j\000e\000k\000t\000a\000s}{section.2.1}% 4
\BOOKMARK [2][-]{subsection.2.1.2}{\376\377\000K\000l\000a\000s\001\027}{section.2.1}% 5
\BOOKMARK [2][-]{subsection.2.1.3}{\376\377\000M\000o\000d\000e\000l\000i\000s}{section.2.1}% 6
\BOOKMARK [2][-]{subsection.2.1.4}{\376\377\000A\000p\000i\000b\000e\000n\000d\000r\000i\000n\000i\000m\000a\000s}{section.2.1}% 7
\BOOKMARK [2][-]{subsection.2.1.5}{\376\377\000I\000d\000e\000n\000t\000i\000f\000i\000k\000a\000t\000o\000r\000i\000u\000s}{section.2.1}% 8
\BOOKMARK [2][-]{subsection.2.1.6}{\376\377\000S\000a\000v\000y\000b\001\027}{section.2.1}% 9
\BOOKMARK [2][-]{subsection.2.1.7}{\376\377\000A\000s\000o\000c\000i\000a\000c\000i\000j\000a}{section.2.1}% 10
\BOOKMARK [3][-]{subsubsection*.3}{\376\377\000P\000e\000r\000\040\000d\000u\000o\000m\000e\000n\001\163\000\040\000t\000i\000p\001\005}{subsection.2.1.7}% 11
\BOOKMARK [3][-]{subsubsection*.4}{\376\377\000T\000i\000e\000s\000i\000o\000g\000i\000n\001\027}{subsection.2.1.7}% 12
\BOOKMARK [3][-]{subsubsection*.5}{\376\377\000A\000t\000v\000i\000r\000k\001\141\000t\000i\000n\001\027}{subsection.2.1.7}% 13
\BOOKMARK [2][-]{subsection.2.1.8}{\376\377\000K\000l\000a\000s\000i\000f\000i\000k\000a\000t\000o\000r\000i\000u\000s}{section.2.1}% 14
\BOOKMARK [2][-]{subsection.2.1.9}{\376\377\001\175\000o\000d\000y\000n\000a\000s}{section.2.1}% 15
\BOOKMARK [2][-]{subsection.2.1.10}{\376\377\000I\000R\000I}{section.2.1}% 16
\BOOKMARK [1][-]{section.2.2}{\376\377\000L\000e\000n\000t\000e\000l\001\027\000s\000\040\000f\000o\000r\000m\000a\000t\000a\000s}{chapter.2}% 17
\BOOKMARK [2][-]{subsection.2.2.1}{\376\377\000D\000i\000m\000e\000n\000s\000i\000j\000o\000s}{section.2.2}% 18
\BOOKMARK [2][-]{subsection.2.2.2}{\376\377\000M\000e\000t\000a\000d\000u\000o\000m\000e\000n\000y\000s}{section.2.2}% 19
\BOOKMARK [1][-]{section.2.3}{\376\377\000D\000i\000m\000e\000n\000s\000i\000j\000o\000s}{chapter.2}% 20
\BOOKMARK [2][-]{subsection.2.3.1}{\376\377\000d\000a\000t\000a\000s\000e\000t}{section.2.3}% 21
\BOOKMARK [2][-]{subsection.2.3.2}{\376\377\000r\000e\000s\000o\000u\000r\000c\000e}{section.2.3}% 22
\BOOKMARK [3][-]{subsubsection*.40}{\376\377\000F\000u\000n\000k\000c\000i\000j\000o\000s}{subsection.2.3.2}% 23
\BOOKMARK [2][-]{subsection.2.3.3}{\376\377\000b\000a\000s\000e}{section.2.3}% 24
\BOOKMARK [3][-]{subsubsection*.46}{\376\377\000I\001\141\000o\000r\000i\000n\000i\000a\000i\000\040\000i\000d\000e\000n\000t\000i\000f\000i\000k\000a\000t\000o\000r\000i\000a\000i}{subsection.2.3.3}% 25
\BOOKMARK [3][-]{subsubsection*.47}{\376\377\000P\000a\000v\000e\000l\000d\000i\000m\000u\000m\000a\000s}{subsection.2.3.3}% 26
\BOOKMARK [3][-]{subsubsection*.48}{\376\377\000D\000u\000o\000m\000e\000n\001\163\000\040\000l\000o\000k\000a\000l\000u\000m\000a\000s}{subsection.2.3.3}% 27
\BOOKMARK [3][-]{subsubsection*.49}{\376\377\000P\000e\000r\000s\000i\000d\000e\000n\000g\000i\000m\000a\000s}{subsection.2.3.3}% 28
\BOOKMARK [3][-]{subsubsection*.50}{\376\377\000P\000a\000v\000y\000z\000d\001\176\000i\000a\000i}{subsection.2.3.3}% 29
\BOOKMARK [2][-]{subsection.2.3.4}{\376\377\000m\000o\000d\000e\000l}{section.2.3}% 30
\BOOKMARK [3][-]{subsubsection*.62}{\376\377\000F\000u\000n\000k\000c\000i\000j\000o\000s}{subsection.2.3.4}% 31
\BOOKMARK [2][-]{subsection.2.3.5}{\376\377\000p\000r\000o\000p\000e\000r\000t\000y}{section.2.3}% 32
\BOOKMARK [1][-]{section.2.4}{\376\377\000P\000a\000p\000i\000l\000d\000o\000m\000o\000s\000\040\000d\000i\000m\000e\000n\000s\000i\000j\000o\000s}{chapter.2}% 33
\BOOKMARK [2][-]{subsection.2.4.1}{\376\377\000p\000r\000e\000f\000i\000x}{section.2.4}% 34
\BOOKMARK [2][-]{subsection.2.4.2}{\376\377\000e\000n\000u\000m}{section.2.4}% 35
\BOOKMARK [2][-]{subsection.2.4.3}{\376\377\000p\000a\000r\000a\000m}{section.2.4}% 36
\BOOKMARK [3][-]{subsubsection*.92}{\376\377\000F\000u\000n\000k\000c\000i\000j\000o\000s}{subsection.2.4.3}% 37
\BOOKMARK [2][-]{subsection.2.4.4}{\376\377\000s\000w\000i\000t\000c\000h}{section.2.4}% 38
\BOOKMARK [2][-]{subsection.2.4.5}{\376\377\000c\000o\000m\000m\000e\000n\000t}{section.2.4}% 39
\BOOKMARK [2][-]{subsection.2.4.6}{\376\377\000l\000a\000n\000g}{section.2.4}% 40
\BOOKMARK [2][-]{subsection.2.4.7}{\376\377\000m\000i\000g\000r\000a\000t\000e}{section.2.4}% 41
\BOOKMARK [1][-]{section.2.5}{\376\377\000D\000u\000o\000m\000e\000n\001\163\000\040\000t\000i\000p\000a\000i}{chapter.2}% 42
\BOOKMARK [1][-]{section.2.6}{\376\377\000K\000o\000d\000i\000n\000i\000a\000i\000\040\000p\000a\000v\000a\000d\000i\000n\000i\000m\000a\000i}{chapter.2}% 43
\BOOKMARK [2][-]{subsection.2.6.1}{\376\377\000V\000a\000r\000d\001\163\000\040\000e\000r\000d\000v\000i\001\163}{section.2.6}% 44
\BOOKMARK [2][-]{subsection.2.6.2}{\376\377\000M\000o\000d\000e\000l\000i\000a\000i}{section.2.6}% 45
\BOOKMARK [3][-]{subsubsection*.148}{\376\377\000N\000e\000k\000a\000r\000t\000o\000j\000a\000m\000e\000\040\000v\000a\000r\000d\001\163\000\040\000e\000r\000d\000v\001\027\000s}{subsection.2.6.2}% 46
\BOOKMARK [2][-]{subsection.2.6.3}{\376\377\000D\000u\000o\000m\000e\000n\001\163\000\040\000l\000a\000u\000k\000a\000i}{section.2.6}% 47
\BOOKMARK [3][-]{subsubsection*.149}{\376\377\000R\000y\001\141\000i\000a\000i\000\040\000t\000a\000r\000p\000\040\000m\000o\000d\000e\000l\000i\001\163}{subsection.2.6.3}% 48
\BOOKMARK [3][-]{subsubsection*.150}{\376\377\000N\000e\000k\000a\000r\000t\000o\000j\000a\000m\000e\000\040\000m\000o\000d\000e\000l\000i\000o\000\040\000p\000a\000v\000a\000d\000i\000n\000i\000m\000o}{subsection.2.6.3}% 49
\BOOKMARK [3][-]{subsubsection*.151}{\376\377\000N\000e\000k\000a\000r\000t\000o\000j\000a\000m\000e\000\040\000d\000u\000o\000m\000e\000n\001\163\000\040\000t\000i\000p\000o\000\040\000p\000a\000v\000a\000d\000i\000n\000i\000m\000o}{subsection.2.6.3}% 50
\BOOKMARK [1][-]{section.2.7}{\376\377\000M\000a\000t\000a\000v\000i\000m\000o\000\040\000v\000i\000e\000n\000e\000t\000a\000i}{chapter.2}% 51
\BOOKMARK [2][-]{subsection.2.7.1}{\376\377\000A\000p\000i\000b\000r\001\027\001\176\000t\000i\000s\000\040\000l\000a\000i\000k\000e}{section.2.7}% 52
\BOOKMARK [2][-]{subsection.2.7.2}{\376\377\000A\000p\000i\000b\000r\001\027\001\176\000t\000i\000s\000\040\000e\000r\000d\000v\001\027\000j\000e}{section.2.7}% 53
\BOOKMARK [2][-]{subsection.2.7.3}{\376\377\000K\000o\000k\000y\000b\000i\000n\000i\000a\000i\000\040\000d\000u\000o\000m\000e\000n\000y\000s}{section.2.7}% 54
\BOOKMARK [2][-]{subsection.2.7.4}{\376\377\000K\000i\000e\000k\000y\000b\000i\000n\000i\000a\000i\000\040\000d\000u\000o\000m\000e\000n\000y\000s}{section.2.7}% 55
\BOOKMARK [3][-]{subsubsection*.152}{\376\377\000P\000r\000e\000f\000i\000k\000s\000a\000i}{subsection.2.7.4}% 56
\BOOKMARK [3][-]{subsubsection*.153}{\376\377\000V\000i\000e\000n\000e\000t\000a\000i}{subsection.2.7.4}% 57
\BOOKMARK [4][-]{paragraph*.154}{\376\377\000S\000p\000e\000c\000i\000a\000l\000i\000e\000j\000i\000e\000\040\000v\000i\000e\000n\000e\000t\000a\000i}{subsubsection*.153}% 58
\BOOKMARK [4][-]{paragraph*.155}{\376\377\000L\000a\000i\000k\000o\000\040\000v\000i\000e\000n\000e\000t\000a\000i}{subsubsection*.153}% 59
\BOOKMARK [4][-]{paragraph*.156}{\376\377\000S\000I\000\040\000B\000a\000z\000i\000n\000i\000a\000i\000\040\000v\000i\000e\000n\000e\000t\000a\000i}{subsubsection*.153}% 60
\BOOKMARK [4][-]{paragraph*.157}{\376\377\000S\000I\000\040\000I\001\141\000v\000e\000s\000t\000i\000n\000i\000a\000i\000\040\000v\000i\000e\000n\000e\000t\000a\000i}{subsubsection*.153}% 61
\BOOKMARK [4][-]{paragraph*.158}{\376\377\000K\000i\000t\000i\000\040\000v\000i\000e\000n\000e\000t\000a\000i}{subsubsection*.153}% 62
\BOOKMARK [1][-]{section.2.8}{\376\377\000A\000p\000i\000b\000e\000n\000d\000r\000i\000n\000i\000m\000a\000s}{chapter.2}% 63
\BOOKMARK [1][-]{section.2.9}{\376\377\000A\000s\000o\000c\000i\000a\000c\000i\000j\000a}{chapter.2}% 64
\BOOKMARK [2][-]{subsection.2.9.1}{\376\377\000K\000o\000m\000p\000o\000z\000i\000c\000i\000j\000a}{section.2.9}% 65
\BOOKMARK [2][-]{subsection.2.9.2}{\376\377\000J\000u\000n\000g\000t\000i\000n\000i\000s\000\040\000m\000o\000d\000e\000l\000i\000s}{section.2.9}% 66
\BOOKMARK [3][-]{subsubsection*.159}{\376\377\000S\000a\000v\000y\000b\000i\001\163\000\040\001\057\000t\000r\000a\000u\000k\000i\000m\000a\000s}{subsection.2.9.2}% 67
\BOOKMARK [2][-]{subsection.2.9.3}{\376\377\000D\000a\000u\000g\000i\000a\000r\000e\000i\000k\001\141\000m\000i\001\141\000k\000u\000m\000a\000s}{section.2.9}% 68
\BOOKMARK [2][-]{subsection.2.9.4}{\376\377\000D\000u\000o\000m\000e\000n\001\163\000\040\000k\000i\000l\000m\001\027}{section.2.9}% 69
\BOOKMARK [2][-]{subsection.2.9.5}{\376\377\000J\000u\000n\000g\000i\000m\000o\000\040\000b\001\153\000d\000a\000i}{section.2.9}% 70
\BOOKMARK [3][-]{subsubsection*.160}{\376\377\000P\000e\000r\000\040\000p\000i\000r\000m\000i\000n\001\057\000\040\000r\000a\000k\000t\001\005}{subsection.2.9.5}% 71
\BOOKMARK [3][-]{subsubsection*.161}{\376\377\000P\000e\000r\000\040\000n\000e\000p\000i\000r\000m\000i\000n\001\057\000\040\000r\000a\000k\000t\001\005}{subsection.2.9.5}% 72
\BOOKMARK [3][-]{subsubsection*.162}{\376\377\000P\000e\000r\000\040\000k\000o\000m\000p\000o\000z\000i\000c\000i\000n\001\057\000\040\000r\000a\000k\000t\001\005}{subsection.2.9.5}% 73
\BOOKMARK [3][-]{subsubsection*.163}{\376\377\000A\000t\000g\000a\000l\000i\000n\000i\000s\000\040\000r\000y\001\141\000y\000s}{subsection.2.9.5}% 74
\BOOKMARK [3][-]{subsubsection*.164}{\376\377\000P\000o\000l\000i\000m\000o\000r\000f\000i\000n\000i\000s\000\040\000j\000u\000n\000g\000i\000m\000a\000s}{subsection.2.9.5}% 75
\BOOKMARK [2][-]{subsection.2.9.6}{\376\377\000B\000r\000a\000n\000d\000o\000s\000\040\000l\000y\000g\000i\000s}{section.2.9}% 76
\BOOKMARK [3][-]{subsubsection*.165}{\376\377\000S\000u\000s\000i\000e\000j\000i\000m\000a\000s\000\040\000n\000e\001\057\000m\000a\000n\000o\000m\000a\000s}{subsection.2.9.6}% 77
\BOOKMARK [3][-]{subsubsection*.166}{\376\377\000S\000u\000s\000i\000e\000j\000i\000m\000a\000s\000\040\000n\000e\000p\000a\000t\000i\000k\000i\000m\000a\000s}{subsection.2.9.6}% 78
\BOOKMARK [3][-]{subsubsection*.167}{\376\377\000S\000u\000s\000i\000e\000j\000i\000m\000a\000s\000\040\000n\000e\000\040\000p\000e\000r\000\040\000p\000i\000r\000m\000i\000n\001\057\000\040\000r\000a\000k\000t\001\005}{subsection.2.9.6}% 79
\BOOKMARK [3][-]{subsubsection*.168}{\376\377\000S\000u\000s\000i\000e\000j\000i\000m\000a\000s\000\040\000p\000e\000r\000\040\000p\000i\000r\000m\000i\000n\001\057\000\040\000r\000a\000k\000t\001\005}{subsection.2.9.6}% 80
\BOOKMARK [1][-]{section.2.10}{\376\377\000F\000u\000n\000k\000c\000i\000n\000i\000a\000i\000\040\000m\000o\000d\000e\000l\000i\000a\000i}{chapter.2}% 81
\BOOKMARK [2][-]{subsection.2.10.1}{\376\377\000F\000u\000n\000k\000c\000i\000j\000o\000s}{section.2.10}% 82
\BOOKMARK [3][-]{subsubsection*.169}{\376\377\000g\000e\000t\000a\000l\000l}{subsection.2.10.1}% 83
\BOOKMARK [3][-]{subsubsection*.170}{\376\377\000g\000e\000t\000o\000n\000e}{subsection.2.10.1}% 84
\BOOKMARK [3][-]{subsubsection*.171}{\376\377\000s\000e\000a\000r\000c\000h}{subsection.2.10.1}% 85
\BOOKMARK [4][-]{paragraph*.172}{\376\377\000S\000t\000a\000t\000i\000n\000i\000a\000i\000\040\000f\000i\000l\000t\000r\000a\000i}{subsubsection*.171}% 86
\BOOKMARK [4][-]{paragraph*.173}{\376\377\000D\000i\000n\000a\000m\000i\000n\000i\000a\000i\000\040\000f\000i\000l\000t\000r\000a\000i}{subsubsection*.171}% 87
\BOOKMARK [4][-]{paragraph*.174}{\376\377\000O\000p\000e\000r\000a\000t\000o\000r\000i\000a\000i}{subsubsection*.171}% 88
\BOOKMARK [3][-]{subsubsection*.175}{\376\377\000s\000e\000l\000e\000c\000t}{subsection.2.10.1}% 89
\BOOKMARK [3][-]{subsubsection*.176}{\376\377\000s\000o\000r\000t}{subsection.2.10.1}% 90
\BOOKMARK [3][-]{subsubsection*.177}{\376\377\000p\000a\000r\000t}{subsection.2.10.1}% 91
\BOOKMARK [1][-]{section.2.11}{\376\377\000B\000r\000a\000n\000d\000o\000s\000\040\000l\000y\000g\000i\000a\000i}{chapter.2}% 92
\BOOKMARK [2][-]{subsection.2.11.1}{\376\377\000L\0000\0000\0000\000:\000\040\000D\000u\000o\000m\000e\000n\001\163\000\040\000n\001\027\000r\000a}{section.2.11}% 93
\BOOKMARK [3][-]{subsubsection*.178}{\376\377\000L\0000\0000\0001\000:\000\040\000D\000u\000o\000m\000e\000n\000y\000s\000\040\000n\000e\000p\000u\000b\000l\000i\000k\000u\000o\000j\000a\000m\000i}{subsection.2.11.1}% 94
\BOOKMARK [3][-]{subsubsection*.179}{\376\377\000L\0000\0000\0002\000:\000\040\000R\000i\000b\000o\000j\000a\000m\000a\000s\000\040\000d\000u\000o\000m\000e\000n\001\163\000\040\000n\000a\000u\000d\000o\000j\000i\000m\000a\000s}{subsection.2.11.1}% 95
\BOOKMARK [3][-]{subsubsection*.180}{\376\377\000L\0000\0000\0003\000:\000\040\000N\001\027\000r\000a\000\040\000i\000d\000e\000n\000t\000i\000f\000i\000k\000a\000t\000o\000r\000i\000a\000u\000s}{subsection.2.11.1}% 96
\BOOKMARK [3][-]{subsubsection*.181}{\376\377\000L\0000\0000\0004\000:\000\040\000D\000u\000o\000m\000e\000n\001\163\000\040\000n\001\027\000r\000a}{subsection.2.11.1}% 97
\BOOKMARK [2][-]{subsection.2.11.2}{\376\377\000L\0001\0000\0000\000:\000\040\000N\000e\000n\000u\000s\000k\000a\000i\000t\000o\000m\000a\000\040\000m\000a\001\141\000i\000n\000i\000n\000i\000u\000\040\000b\001\153\000d\000u}{section.2.11}% 98
\BOOKMARK [3][-]{subsubsection*.182}{\376\377\000L\0001\0000\0001\000:\000\040\000N\000e\000a\000i\001\141\000k\000i\000\040\000s\000t\000r\000u\000k\000t\001\153\000r\000a}{subsection.2.11.2}% 99
\BOOKMARK [3][-]{subsubsection*.183}{\376\377\000L\0001\0000\0002\000:\000\040\000N\001\027\000r\000a\000\040\000v\000i\000e\000n\000t\000i\000s\000u\000m\000o}{subsection.2.11.2}% 100
\BOOKMARK [3][-]{subsubsection*.184}{\376\377\000L\0001\0000\0003\000:\000\040\000N\000e\001\057\000m\000a\000n\000o\000m\000a\000s\000\040\000j\000u\000n\000g\000i\000m\000a\000s}{subsection.2.11.2}% 101
\BOOKMARK [3][-]{subsubsection*.185}{\376\377\000L\0001\0000\0004\000:\000\040\000I\000d\000e\000n\000t\000i\000f\000i\000k\000a\000t\000o\000r\000i\000u\000s\000\040\000n\001\027\000r\000a\000\040\000u\000n\000i\000k\000a\000l\000u\000s}{subsection.2.11.2}% 102
\BOOKMARK [3][-]{subsubsection*.186}{\376\377\000L\0001\0000\0005\000:\000\040\000V\000i\000e\000n\000e\000t\001\163\000\040\000k\000o\000n\000v\000e\000r\000t\000a\000v\000i\000m\000o\000\040\000p\000a\000k\000l\000a\000i\000d\000a}{subsection.2.11.2}% 103
\BOOKMARK [2][-]{subsection.2.11.3}{\376\377\000L\0002\0000\0000\000:\000\040\000N\000e\000s\000t\000a\000n\000d\000a\000r\000t\000i\000n\000i\000s\000\040\000p\000a\000t\000e\000i\000k\000i\000m\000a\000s}{section.2.11}% 104
\BOOKMARK [3][-]{subsubsection*.187}{\376\377\000L\0002\0000\0001\000:\000\040\000N\000e\000s\000t\000a\000n\000d\000a\000r\000t\000i\000n\000i\000a\000i\000\040\000d\000u\000o\000m\000e\000n\001\163\000\040\000t\000i\000p\000a\000i}{subsection.2.11.3}% 105
\BOOKMARK [3][-]{subsubsection*.188}{\376\377\000L\0002\0000\0002\000:\000\040\000N\000e\000s\000t\000a\000n\000d\000a\000r\000t\000i\000n\000i\000s\000\040\000f\000o\000r\000m\000a\000t\000a\000s}{subsection.2.11.3}% 106
\BOOKMARK [3][-]{subsubsection*.189}{\376\377\000L\0002\0000\0003\000:\000\040\000N\000e\000s\000t\000a\000n\000d\000a\000r\000t\000i\000n\000i\000a\000i\000\040\000k\000o\000d\000i\000n\000i\000a\000i\000\040\000p\000a\000v\000a\000d\000i\000n\000i\000m\000a\000i}{subsection.2.11.3}% 107
\BOOKMARK [3][-]{subsubsection*.190}{\376\377\000L\0002\0000\0004\000:\000\040\000N\000e\000p\000a\000t\000i\000k\000i\000m\000i\000\040\000i\000d\000e\000n\000t\000i\000f\000i\000k\000a\000t\000o\000r\000i\000a\000i}{subsection.2.11.3}% 108
\BOOKMARK [3][-]{subsubsection*.191}{\376\377\000L\0002\0000\0005\000:\000\040\000D\000e\000n\000o\000r\000m\000a\000l\000i\000z\000u\000o\000t\000i\000\040\000d\000u\000o\000m\000e\000n\000y\000s}{subsection.2.11.3}% 109
\BOOKMARK [3][-]{subsubsection*.192}{\376\377\000L\0002\0000\0006\000:\000\040\000N\000e\000n\000u\000r\000o\000d\000y\000t\000a\000s\000\040\000s\000u\000s\000i\000e\000j\000i\000m\000a\000s}{subsection.2.11.3}% 110
\BOOKMARK [3][-]{subsubsection*.193}{\376\377\000L\0002\0000\0007\000:\000\040\000N\000e\000a\000t\000i\000t\000i\000n\000k\000a\000\040\000m\000o\000d\000e\000l\000i\000o\000\040\000b\000a\000z\001\027\000s}{subsection.2.11.3}% 111
\BOOKMARK [3][-]{subsubsection*.194}{\376\377\000L\0002\0000\0008\000:\000\040\000N\000e\000n\000u\000r\000o\000d\000y\000t\000a\000s\000\040\000e\000n\000u\000m\000\040\000k\000o\000d\000i\000n\001\027\000m\000s\000\040\000r\000e\000i\000k\001\141\000m\001\027\000m\000s}{subsection.2.11.3}% 112
\BOOKMARK [3][-]{subsubsection*.195}{\376\377\000L\0002\0000\0009\000:\000\040\000N\000e\000n\000u\000r\000o\000d\000y\000t\000a\000\040\000m\000o\000d\000e\000l\000i\000o\000\040\000b\000a\000z\001\027}{subsection.2.11.3}% 113
\BOOKMARK [3][-]{subsubsection*.196}{\376\377\000L\0002\0001\0000\000:\000\040\000I\001\141\000s\000k\000a\000i\000d\000y\000t\000a\000\040\000a\000t\000s\000k\000i\000r\000a\000i\000s\000\040\000k\000o\000m\000p\000o\000n\000e\000n\000t\000a\000i\000s}{subsection.2.11.3}% 114
\BOOKMARK [2][-]{subsection.2.11.4}{\376\377\000L\0003\0000\0000\000:\000\040\000N\001\027\000r\000a\000\040\000i\000d\000e\000n\000t\000i\000f\000i\000k\000a\000t\000o\000r\000i\000a\000u\000s}{section.2.11}% 115
\BOOKMARK [3][-]{subsubsection*.197}{\376\377\000L\0003\0000\0001\000:\000\040\000N\001\027\000r\000a\000\040\000g\000l\000o\000b\000a\000l\000a\000u\000s\000\040\000o\000b\000j\000e\000k\000t\000o\000\040\000i\000d\000e\000n\000t\000i\000f\000i\000k\000a\000t\000o\000r\000i\000a\000u\000s}{subsection.2.11.4}% 116
\BOOKMARK [3][-]{subsubsection*.198}{\376\377\000L\0003\0000\0002\000:\000\040\000N\000e\000n\000u\000r\000o\000d\000y\000t\000i\000\040\000m\000a\000t\000a\000v\000i\000m\000o\000\040\000v\000i\000e\000n\000e\000t\000a\000i}{subsection.2.11.4}% 117
\BOOKMARK [3][-]{subsubsection*.199}{\376\377\000L\0003\0000\0003\000:\000\040\000N\000e\000n\000u\000r\000o\000d\000y\000t\000a\000s\000\040\000d\000u\000o\000m\000e\000n\001\163\000\040\000t\000i\000k\000s\000l\000u\000m\000a\000s}{subsection.2.11.4}% 118
\BOOKMARK [3][-]{subsubsection*.200}{\376\377\000L\0003\0000\0004\000:\000\040\000N\000e\000a\000p\000r\000a\001\141\000y\000t\000i\000\040\000k\000a\000t\000e\000g\000o\000r\000i\000n\000i\000a\000i\000\040\000d\000u\000o\000m\000e\000n\000y\000s}{subsection.2.11.4}% 119
\BOOKMARK [2][-]{subsection.2.11.5}{\376\377\000L\0004\0000\0000\000:\000\040\000N\000e\000s\000u\000s\000i\000e\000a\000t\000a\000\040\000s\000u\000\040\001\176\000o\000d\000y\000n\000a\000i\000s}{section.2.11}% 120
\BOOKMARK [3][-]{subsubsection*.201}{\376\377\000L\0004\0000\0001\000:\000\040\000N\000e\000s\000u\000s\000i\000e\000t\000a\000\040\000s\000u\000\040\000s\000t\000a\000n\000d\000a\000r\000t\000i\000n\000i\000u\000\040\001\176\000o\000d\000y\000n\000u}{subsection.2.11.5}% 121
\BOOKMARK [2][-]{subsection.2.11.6}{\376\377\000L\0005\0000\0000\000:\000\040\000T\000r\001\153\000k\000u\000m\001\163\000\040\000n\001\027\000r\000a}{section.2.11}% 122
\BOOKMARK [1][-]{section.2.12}{\376\377\000P\000r\000i\000e\000i\000g\000o\000s\000\040\000l\000y\000g\000i\000a\000i}{chapter.2}% 123
\BOOKMARK [1][-]{section.2.13}{\376\377\000D\000u\000o\000m\000e\000n\001\163\000\040\000s\000c\000h\000e\000m\000o\000s}{chapter.2}% 124
\BOOKMARK [2][-]{subsection.2.13.1}{\376\377\000S\000c\000h\000e\000m\001\163\000\040\000s\001\005\000r\000a\001\141\000a\000s}{section.2.13}% 125
\BOOKMARK [3][-]{subsubsection*.207}{\376\377\000X\000S\000D}{subsection.2.13.1}% 126
\BOOKMARK [4][-]{paragraph*.208}{\376\377\000J\000u\000n\000g\000t\000i\000n\000i\000s\000\040\000m\000o\000d\000e\000l\000i\000s}{subsubsection*.207}% 127
\BOOKMARK [5][-]{subparagraph*.209}{\376\377\001\140\000a\000k\000n\000i\000n\000i\000s\000\040\000m\000o\000d\000e\000l\000i\000s}{paragraph*.208}% 128
\BOOKMARK [5][-]{subparagraph*.210}{\376\377\000D\000a\000l\000i\000n\000i\000s\000\040\000m\000o\000d\000e\000l\000i\000s}{paragraph*.208}% 129
\BOOKMARK [4][-]{paragraph*.211}{\376\377\000E\000l\000e\000m\000e\000n\000t\000a\000i}{subsubsection*.207}% 130
\BOOKMARK [5][-]{subparagraph*.212}{\376\377\000e\000l\000e\000m\000e\000n\000t}{paragraph*.211}% 131
\BOOKMARK [5][-]{subparagraph*.213}{\376\377\000S\000a\000n\000t\000r\000a\000u\000k\000a\000:\000\040\000X\000S\000D\000\040\000e\000l\000e\000m\000e\000n\000t\001\163\000\040\000i\000r\000\040\000D\000S\000A\000\040\000A\000t\000i\000t\000i\000k\000i\000m\000a\000s}{paragraph*.211}% 132
\BOOKMARK [5][-]{subparagraph*.214}{\376\377\000a\000t\000t\000r\000i\000b\000u\000t\000e}{paragraph*.211}% 133
\BOOKMARK [5][-]{subparagraph*.215}{\376\377\000s\000i\000m\000p\000l\000e\000T\000y\000p\000e}{paragraph*.211}% 134
\BOOKMARK [5][-]{subparagraph*.216}{\376\377\000c\000o\000m\000p\000l\000e\000x\000T\000y\000p\000e}{paragraph*.211}% 135
\BOOKMARK [5][-]{subparagraph*.217}{\376\377\000s\000e\000q\000u\000e\000n\000c\000e}{paragraph*.211}% 136
\BOOKMARK [5][-]{subparagraph*.218}{\376\377\000c\000h\000o\000i\000c\000e}{paragraph*.211}% 137
\BOOKMARK [5][-]{subparagraph*.219}{\376\377\000a\000l\000l}{paragraph*.211}% 138
\BOOKMARK [5][-]{subparagraph*.220}{\376\377\000c\000o\000m\000p\000l\000e\000x\000C\000o\000n\000t\000e\000n\000t}{paragraph*.211}% 139
\BOOKMARK [5][-]{subparagraph*.221}{\376\377\000s\000i\000m\000p\000l\000e\000C\000o\000n\000t\000e\000n\000t}{paragraph*.211}% 140
\BOOKMARK [5][-]{subparagraph*.222}{\376\377\000e\000n\000u\000m\000e\000r\000a\000t\000i\000o\000n}{paragraph*.211}% 141
\BOOKMARK [5][-]{subparagraph*.223}{\376\377\000a\000n\000n\000o\000t\000a\000t\000i\000o\000n}{paragraph*.211}% 142
\BOOKMARK [5][-]{subparagraph*.224}{\376\377\000d\000o\000c\000u\000m\000e\000n\000t\000a\000t\000i\000o\000n}{paragraph*.211}% 143
\BOOKMARK [5][-]{subparagraph*.225}{\376\377\000r\000e\000s\000t\000r\000i\000c\000t\000i\000o\000n}{paragraph*.211}% 144
\BOOKMARK [5][-]{subparagraph*.226}{\376\377\000e\000x\000t\000e\000n\000s\000i\000o\000n}{paragraph*.211}% 145
\BOOKMARK [5][-]{subparagraph*.227}{\376\377\000u\000n\000i\000o\000n}{paragraph*.211}% 146
\BOOKMARK [5][-]{subparagraph*.228}{\376\377\000u\000n\000i\000o\000n}{paragraph*.211}% 147
\BOOKMARK [4][-]{paragraph*.229}{\376\377\000A\000t\000r\000i\000b\000u\000t\000a\000i}{subsubsection*.207}% 148
\BOOKMARK [5][-]{subparagraph*.230}{\376\377\000b\000a\000s\000e}{paragraph*.229}% 149
\BOOKMARK [5][-]{subparagraph*.231}{\376\377\000u\000n\000i\000q\000u\000e}{paragraph*.229}% 150
\BOOKMARK [5][-]{subparagraph*.232}{\376\377\000m\000i\000n\000O\000c\000c\000u\000r\000s}{paragraph*.229}% 151
\BOOKMARK [5][-]{subparagraph*.233}{\376\377\000m\000a\000x\000O\000c\000c\000u\000r\000s}{paragraph*.229}% 152
\BOOKMARK [5][-]{subparagraph*.234}{\376\377\000n\000i\000l\000l\000a\000b\000l\000e}{paragraph*.229}% 153
\BOOKMARK [5][-]{subparagraph*.235}{\376\377\000t\000y\000p\000e}{paragraph*.229}% 154
\BOOKMARK [5][-]{subparagraph*.236}{\376\377\000u\000s\000e}{paragraph*.229}% 155
\BOOKMARK [4][-]{paragraph*.237}{\376\377\000D\000u\000o\000m\000e\000n\001\163\000\040\000t\000i\000p\000a\000i}{subsubsection*.207}% 156
\BOOKMARK [1][-]{section.2.14}{\376\377\000D\000u\000o\000m\000e\000n\001\163\000\040\001\141\000a\000l\000t\000i\000n\000i\000a\000i}{chapter.2}% 157
\BOOKMARK [2][-]{subsection.2.14.1}{\376\377\000S\000Q\000L}{section.2.14}% 158
\BOOKMARK [2][-]{subsection.2.14.2}{\376\377\000C\000S\000V}{section.2.14}% 159
\BOOKMARK [2][-]{subsection.2.14.3}{\376\377\000J\000S\000O\000N}{section.2.14}% 160
\BOOKMARK [2][-]{subsection.2.14.4}{\376\377\000X\000M\000L}{section.2.14}% 161
\BOOKMARK [2][-]{subsection.2.14.5}{\376\377\000X\000L\000S\000X}{section.2.14}% 162
\BOOKMARK [1][-]{section.2.15}{\376\377\000V\000a\000r\000d\001\163\000\040\000e\000r\000d\000v\001\027\000s}{chapter.2}% 163
\BOOKMARK [2][-]{subsection.2.15.1}{\376\377\000R\000e\000l\000i\000a\000t\000y\000v\001\153\000s\000\040\000p\000a\000v\000a\000d\000i\000n\000i\000m\000a\000i}{section.2.15}% 164
\BOOKMARK [1][-]{section.2.16}{\376\377\000I\001\141\000o\000r\000i\000n\000i\000a\000i\000\040\001\176\000o\000d\000y\000n\000a\000i}{chapter.2}% 165
\BOOKMARK [2][-]{subsection.2.16.1}{\376\377\000S\000u\000b\000j\000e\000k\000t\000o\000\040\000U\000R\000I}{section.2.16}% 166
\BOOKMARK [1][-]{section.2.17}{\376\377\000F\000o\000r\000m\000u\000l\001\027\000s}{chapter.2}% 167
\BOOKMARK [2][-]{subsection.2.17.1}{\376\377\000G\000r\000a\000m\000a\000t\000i\000k\000a}{section.2.17}% 168
\BOOKMARK [2][-]{subsection.2.17.2}{\376\377\000S\000i\000n\000t\000a\000k\000s\001\027\000s\000\040\000m\000e\000d\000i\000s}{section.2.17}% 169
\BOOKMARK [2][-]{subsection.2.17.3}{\376\377\000F\000u\000n\000k\000c\000i\000j\001\163\000\040\000i\001\141\000k\000v\000i\000e\000t\000i\000m\000a\000s}{section.2.17}% 170
\BOOKMARK [2][-]{subsection.2.17.4}{\376\377\000P\000o\000z\000i\000c\000i\000n\000i\000a\000i\000\040\000a\000r\000g\000u\000m\000e\000n\000t\000a\000i}{section.2.17}% 171
\BOOKMARK [2][-]{subsection.2.17.5}{\376\377\000V\000a\000r\000d\000i\000n\000i\000a\000i\000\040\000a\000r\000g\000u\000m\000e\000n\000t\000a\000i}{section.2.17}% 172
\BOOKMARK [2][-]{subsection.2.17.6}{\376\377\000A\000l\000t\000e\000r\000n\000a\000t\000y\000v\000u\000s\000\040\000f\000u\000n\000k\000c\000i\000j\000o\000s\000\040\000i\001\141\000k\000v\000i\000e\000t\000i\000m\000a\000s}{section.2.17}% 173
\BOOKMARK [2][-]{subsection.2.17.7}{\376\377\000S\000t\000a\000n\000d\000a\000r\000t\000i\000n\001\027\000s\000\040\000f\000u\000n\000k\000c\000i\000j\000o\000s}{section.2.17}% 174
\BOOKMARK [2][-]{subsection.2.17.8}{\376\377\000F\000a\000i\000l\000a\000i}{section.2.17}% 175
\BOOKMARK [2][-]{subsection.2.17.9}{\376\377\000S\000t\000u\000l\000p\000e\000l\000i\000a\000i\000\040\000l\000e\000n\000t\000e\000l\001\027\000j\000e}{section.2.17}% 176
\BOOKMARK [2][-]{subsection.2.17.10}{\376\377\000D\000u\000o\000m\000e\000n\001\163\000\040\000a\000t\000r\000a\000n\000k\000a}{section.2.17}% 177
\BOOKMARK [2][-]{subsection.2.17.11}{\376\377\000P\000e\000r\000i\000o\000d\000i\001\141\000k\000u\000m\000a\000s}{section.2.17}% 178
\BOOKMARK [2][-]{subsection.2.17.12}{\376\377\000S\000t\000a\000t\000i\000n\001\027\000s\000\040\000r\000e\000i\000k\001\141\000m\001\027\000s}{section.2.17}% 179
\BOOKMARK [2][-]{subsection.2.17.13}{\376\377\000T\000r\000a\000n\000s\000f\000o\000r\000m\000a\000v\000i\000m\000a\000s}{section.2.17}% 180
\BOOKMARK [2][-]{subsection.2.17.14}{\376\377\000K\000o\000m\000p\000l\000e\000k\000s\000i\000n\001\027\000s\000\040\000s\000t\000r\000u\000k\000t\001\153\000r\000o\000s}{section.2.17}% 181
\BOOKMARK [1][-]{section.2.18}{\376\377\000S\001\005\000v\000o\000k\000o\000s}{chapter.2}% 182
\BOOKMARK [1][-]{section.2.19}{\376\377\000K\000e\000i\000t\000i\000m\001\163\000\040\000i\000s\000t\000o\000r\000i\000j\000a}{chapter.2}% 183
\BOOKMARK [2][-]{subsection.2.19.1}{\376\377\0001\000.\0001\000.\0000\000\040\000\050\000n\000e\000i\001\141\000l\000e\000i\000s\000t\000a\000\051}{section.2.19}% 184
\BOOKMARK [2][-]{subsection.2.19.2}{\376\377\0001\000.\0000\000.\0000\000\040\000\050\0002\0000\0002\0004\000-\0001\0000\000-\0002\0002\000\051}{section.2.19}% 185
\BOOKMARK [2][-]{subsection.2.19.3}{\376\377\0000\000.\0001\000.\0000\000\040\000\050\0002\0000\0002\0002\000-\0000\0003\000-\0000\0003\000\051}{section.2.19}% 186
\BOOKMARK [0][-]{section*.390}{\376\377\000P\000y\000t\000h\000o\000n\000\040\000M\000o\000d\000u\000l\000e\000\040\000I\000n\000d\000e\000x}{}% 187
\BOOKMARK [0][-]{section*.391}{\376\377\000I\000n\000d\000e\000k\000s\000a\000s}{}% 188
